<?xml version="1.0" encoding="UTF-8"?>
<testsuite xmlns:xsi="http://www.w3.org/2001/XMLSchema-instance" xsi:noNamespaceSchemaLocation="https://maven.apache.org/surefire/maven-surefire-plugin/xsd/surefire-test-report-3.0.xsd" version="3.0" name="test.java.PruebasCombateTest" time="0.05" tests="3" errors="0" skipped="0" failures="0">
  <properties>
[...]
</properties>
  <testcase name="testGanador" classname="test.java.PruebasCombateTest" time="0.019">
    <system-out><![CDATA[Combate getGanador(): camp1
]]></system-out>
  </testcase>
  <testcase name="testDetener" classname="test.java.PruebasCombateTest" time="0.0"/>
  <testcase name="testIniciar" classname="test.java.PruebasCombateTest" time="0.029">
    <system-out><![CDATA[Campeon1 ataca a Campeon2, daño -> 30
 Vida restante: Campeon1: 400 Campeon2: 590
Campeon2 ataca a Campeon1, daño -> 20
 Vida restante: Campeon1: 390 Campeon2: 590
Campeon1 usa habilidad1 en Campeon2, daño -> 20
 Vida restante: Campeon1: 390 Campeon2: 557
Campeon2 usa habilidad3 en Campeon1, daño -> 20
 Vida restante: Campeon1: 380 Campeon2: 557
Campeon1 ataca a Campeon2, daño -> 30
 Vida restante: Campeon1: 380 Campeon2: 547
Campeon2 ataca a Campeon1, daño -> 20
 Vida restante: Campeon1: 370 Campeon2: 547
Campeon1 usa habilidad1 en Campeon2, daño -> 25
 Vida restante: Campeon1: 370 Campeon2: 514
Campeon2 usa habilidad2 en Campeon1, daño -> 25
 Vida restante: Campeon1: 355 Campeon2: 514
Campeon1 ataca a Campeon2, daño -> 30
 Vida restante: Campeon1: 355 Campeon2: 504
Campeon2 ataca a Campeon1, daño -> 20
 Vida restante: Campeon1: 345 Campeon2: 504
Campeon1 usa habilidad1 en Campeon2, daño -> 20
 Vida restante: Campeon1: 345 Campeon2: 471
Campeon2 usa habilidad3 en Campeon1, daño -> 20
 Vida restante: Campeon1: 335 Campeon2: 471
Campeon1 ataca a Campeon2, daño -> 30
 Vida restante: Campeon1: 335 Campeon2: 461
Campeon2 ataca a Campeon1, daño -> 20
 Vida restante: Campeon1: 325 Campeon2: 461
Campeon1 usa habilidad1 en Campeon2, daño -> 31
 Vida restante: Campeon1: 325 Campeon2: 428
Campeon2 usa habilidad1 en Campeon1, daño -> 31
 Vida restante: Campeon1: 304 Campeon2: 428
Campeon1 ataca a Campeon2, daño -> 30
 Vida restante: Campeon1: 304 Campeon2: 418
Campeon2 ataca a Campeon1, daño -> 20
 Vida restante: Campeon1: 294 Campeon2: 418
Campeon1 usa habilidad1 en Campeon2, daño -> 31
 Vida restante: Campeon1: 294 Campeon2: 385
Campeon2 usa habilidad1 en Campeon1, daño -> 31
 Vida restante: Campeon1: 273 Campeon2: 385
Campeon1 ataca a Campeon2, daño -> 30
 Vida restante: Campeon1: 273 Campeon2: 375
Campeon2 ataca a Campeon1, daño -> 20
 Vida restante: Campeon1: 263 Campeon2: 375
Campeon1 usa habilidad3 en Campeon2, daño -> 20
 Vida restante: Campeon1: 263 Campeon2: 356
Campeon2 usa habilidad3 en Campeon1, daño -> 20
 Vida restante: Campeon1: 253 Campeon2: 356
Campeon1 ataca a Campeon2, daño -> 30
 Vida restante: Campeon1: 253 Campeon2: 346
Campeon2 ataca a Campeon1, daño -> 20
 Vida restante: Campeon1: 243 Campeon2: 346
Campeon1 usa habilidad1 en Campeon2, daño -> 25
 Vida restante: Campeon1: 243 Campeon2: 313
Campeon2 usa habilidad2 en Campeon1, daño -> 25
 Vida restante: Campeon1: 228 Campeon2: 313
Campeon1 ataca a Campeon2, daño -> 30
 Vida restante: Campeon1: 228 Campeon2: 303
Campeon2 ataca a Campeon1, daño -> 20
 Vida restante: Campeon1: 218 Campeon2: 303
Campeon1 usa habilidad3 en Campeon2, daño -> 20
 Vida restante: Campeon1: 218 Campeon2: 284
Campeon2 usa habilidad3 en Campeon1, daño -> 20
 Vida restante: Campeon1: 208 Campeon2: 284
Campeon1 ataca a Campeon2, daño -> 30
 Vida restante: Campeon1: 208 Campeon2: 274
Campeon2 ataca a Campeon1, daño -> 20
 Vida restante: Campeon1: 198 Campeon2: 274
Campeon1 usa habilidad2 en Campeon2, daño -> 31
 Vida restante: Campeon1: 198 Campeon2: 260
Campeon2 usa habilidad1 en Campeon1, daño -> 31
 Vida restante: Campeon1: 177 Campeon2: 260
Campeon1 ataca a Campeon2, daño -> 30
 Vida restante: Campeon1: 177 Campeon2: 250
Campeon2 ataca a Campeon1, daño -> 20
 Vida restante: Campeon1: 167 Campeon2: 250
Campeon1 usa habilidad1 en Campeon2, daño -> 20
 Vida restante: Campeon1: 167 Campeon2: 217
Campeon2 usa habilidad3 en Campeon1, daño -> 20
 Vida restante: Campeon1: 157 Campeon2: 217
Campeon1 ataca a Campeon2, daño -> 30
 Vida restante: Campeon1: 157 Campeon2: 207
Campeon2 ataca a Campeon1, daño -> 20
 Vida restante: Campeon1: 147 Campeon2: 207
Campeon1 usa habilidad1 en Campeon2, daño -> 31
 Vida restante: Campeon1: 147 Campeon2: 174
Campeon2 usa habilidad1 en Campeon1, daño -> 31
 Vida restante: Campeon1: 126 Campeon2: 174
Campeon1 ataca a Campeon2, daño -> 30
 Vida restante: Campeon1: 126 Campeon2: 164
Campeon2 ataca a Campeon1, daño -> 20
 Vida restante: Campeon1: 116 Campeon2: 164
Campeon1 usa habilidad3 en Campeon2, daño -> 25
 Vida restante: Campeon1: 116 Campeon2: 145
Campeon2 usa habilidad2 en Campeon1, daño -> 25
 Vida restante: Campeon1: 101 Campeon2: 145
Campeon1 ataca a Campeon2, daño -> 30
 Vida restante: Campeon1: 101 Campeon2: 135
Campeon2 ataca a Campeon1, daño -> 20
 Vida restante: Campeon1: 91 Campeon2: 135
Campeon1 usa habilidad3 en Campeon2, daño -> 20
 Vida restante: Campeon1: 91 Campeon2: 116
Campeon2 usa habilidad3 en Campeon1, daño -> 20
 Vida restante: Campeon1: 81 Campeon2: 116
Campeon1 ataca a Campeon2, daño -> 30
 Vida restante: Campeon1: 81 Campeon2: 106
Campeon2 ataca a Campeon1, daño -> 20
 Vida restante: Campeon1: 71 Campeon2: 106
Campeon1 usa habilidad3 en Campeon2, daño -> 25
 Vida restante: Campeon1: 71 Campeon2: 87
Campeon2 usa habilidad2 en Campeon1, daño -> 25
 Vida restante: Campeon1: 56 Campeon2: 87
Campeon1 ataca a Campeon2, daño -> 30
 Vida restante: Campeon1: 56 Campeon2: 77
Campeon2 ataca a Campeon1, daño -> 20
 Vida restante: Campeon1: 46 Campeon2: 77
Campeon1 usa habilidad3 en Campeon2, daño -> 31
 Vida restante: Campeon1: 46 Campeon2: 58
Campeon2 usa habilidad1 en Campeon1, daño -> 31
 Vida restante: Campeon1: 25 Campeon2: 58
Campeon1 ataca a Campeon2, daño -> 30
 Vida restante: Campeon1: 25 Campeon2: 48
Campeon2 ataca a Campeon1, daño -> 20
 Vida restante: Campeon1: 15 Campeon2: 48
Campeon1 usa habilidad3 en Campeon2, daño -> 25
 Vida restante: Campeon1: 15 Campeon2: 29
Campeon2 usa habilidad2 en Campeon1, daño -> 25
 Vida restante: Campeon1: 0 Campeon2: 29
]]></system-out>
  </testcase>
</testsuite>